<?xml version="1.0" encoding="UTF-8"?>
<testsuite name="basics.CucumberTestSuite" tests="0" skipped="0" failures="0" errors="0" timestamp="1970-01-01T00:00:00" hostname="pravendras-MacBook-Pro.local" time="0.0">
  <properties/>
  <system-out><![CDATA[20:13:14.225 [Test worker] DEBUG net.thucydides.core.util.PropertiesFileLocalPreferences - headless.mode=false
20:13:14.229 [Test worker] DEBUG net.thucydides.core.util.PropertiesFileLocalPreferences - drivers.windows.webdriver.gecko.driver=
20:13:14.229 [Test worker] DEBUG net.thucydides.core.util.PropertiesFileLocalPreferences - drivers.linux.webdriver.gecko.driver=
20:13:14.229 [Test worker] DEBUG net.thucydides.core.util.PropertiesFileLocalPreferences - webdriver.driver=chrome
20:13:14.230 [Test worker] DEBUG net.thucydides.core.util.PropertiesFileLocalPreferences - drivers.linux.webdriver.chrome.driver=
20:13:14.230 [Test worker] DEBUG net.thucydides.core.util.PropertiesFileLocalPreferences - chrome.switches=--start-maximized;--incognito
20:13:14.230 [Test worker] DEBUG net.thucydides.core.util.PropertiesFileLocalPreferences - drivers.windows.webdriver.ie.driver=
20:13:14.230 [Test worker] DEBUG net.thucydides.core.util.PropertiesFileLocalPreferences - drivers.windows.webdriver.chrome.driver=
20:13:14.540 [Test worker] DEBUG net.thucydides.core.util.PropertiesFileLocalPreferences - headless.mode=false
20:13:14.540 [Test worker] DEBUG net.thucydides.core.util.PropertiesFileLocalPreferences - drivers.windows.webdriver.gecko.driver=
20:13:14.540 [Test worker] DEBUG net.thucydides.core.util.PropertiesFileLocalPreferences - drivers.linux.webdriver.gecko.driver=
20:13:14.540 [Test worker] DEBUG net.thucydides.core.util.PropertiesFileLocalPreferences - webdriver.driver=chrome
20:13:14.540 [Test worker] DEBUG net.thucydides.core.util.PropertiesFileLocalPreferences - drivers.linux.webdriver.chrome.driver=
20:13:14.541 [Test worker] DEBUG net.thucydides.core.util.PropertiesFileLocalPreferences - chrome.switches=--start-maximized;--incognito
20:13:14.541 [Test worker] DEBUG net.thucydides.core.util.PropertiesFileLocalPreferences - drivers.windows.webdriver.ie.driver=
20:13:14.541 [Test worker] DEBUG net.thucydides.core.util.PropertiesFileLocalPreferences - drivers.windows.webdriver.chrome.driver=
20:13:14.548 [Test worker] INFO net.thucydides.core.steps.ConsoleLoggingListener - 

-------------------------------------------------------------------------------------
     _______. _______ .______       _______ .__   __.  __  .___________.____    ____ 
    /       ||   ____||   _  \     |   ____||  \ |  | |  | |           |\   \  /   / 
   |   (----`|  |__   |  |_)  |    |  |__   |   \|  | |  | `---|  |----` \   \/   /  
    \   \    |   __|  |      /     |   __|  |  . `  | |  |     |  |       \_    _/   
.----)   |   |  |____ |  |\  \----.|  |____ |  |\   | |  |     |  |         |  |     
|_______/    |_______|| _| `._____||_______||__| \__| |__|     |__|         |__|    
                                                                                     
 News and tutorials at http://www.serenity-bdd.info                                  
 Documentation at https://wakaleo.gitbooks.io/the-serenity-book/content/             
 Join the Serenity Community on Rocket Chat at https://serenity-bdd.rocket.chat      
 Serenity BDD Support and Training at http://serenity-bdd.info/#/trainingandsupport  
 Learn Serenity BDD online at http://serenity-dojo.com                               
-------------------------------------------------------------------------------------

20:13:14.553 [Test worker] DEBUG net.thucydides.core.steps.StepEventBus - Test suite started for story net.thucydides.core.model.Story@e61b85bf
20:13:14.556 [Test worker] INFO net.thucydides.core.steps.ConsoleLoggingListener - Test Suite Started: Search by Hotel
20:13:14.577 [Test worker] DEBUG net.thucydides.core.steps.StepEventBus - Test suite started for story net.thucydides.core.model.Story@8fdf9da1
20:13:14.577 [Test worker] INFO net.thucydides.core.steps.ConsoleLoggingListener - Test Suite Started: Search by keyword
20:13:14.610 [Test worker] INFO net.thucydides.core.steps.ConsoleLoggingListener - 
 _____ _____ ____ _____   ____ _____  _    ____ _____ _____ ____  
|_   _| ____/ ___|_   _| / ___|_   _|/ \  |  _ \_   _| ____|  _ \ 
  | | |  _| \___ \ | |   \___ \ | | / _ \ | |_) || | |  _| | | | |
  | | | |___ ___) || |    ___) || |/ ___ \|  _ < | | | |___| |_| |
  |_| |_____|____/ |_|   |____/ |_/_/   \_\_| \_\|_| |_____|____/ 
                                                                  

TEST STARTED: Searching for Hotel on Hotel.com
-------------------------------------------------------------------(search-by-hotel;searching-for-hotel-on-hotel.com)
20:13:14.631 [Test worker] DEBUG net.thucydides.core.requirements.RootDirectory - Resource directories found in  in 12 ms: [src/test/resources]
20:13:14.643 [Test worker] DEBUG net.thucydides.core.requirements.RootDirectory - Resource directories found in /Users/pravendrachauhan/eclipse-workspace/Mohammad_Serenity_Java in 4 ms: [/Users/pravendrachauhan/eclipse-workspace/Mohammad_Serenity_Java/src/test/resources]
20:13:14.684 [Test worker] DEBUG net.thucydides.core.requirements.model.cucumber.CucumberParser - Found no Cucumber 4.x.x class cucumber.runtime.model.FeatureLoader try Cucumber 2.x.x 
20:13:14.689 [Test worker] DEBUG net.thucydides.core.requirements.model.cucumber.CucumberParser - Found no Cucumber 4.x.x class cucumber.runtime.model.FeatureLoader try Cucumber 2.x.x 
Feature: Search by Hotel

  Scenario Outline: Searching for Hotel on Hotel.com ?[90m# src/test/resources/features/search/hotel_search.feature:4?[0m
    ?[36mGiven User is on Hotel.com page?[0m
    ?[36mWhen he enters "<location>" into location?[0m
    ?[36mAnd he enters "<checkin_date>" into checkin?[0m
    ?[36mAnd he enters "<checkout_date>" into checkout?[0m
    ?[36mAnd clicks on search button?[0m
    ?[36mThen he should find given "<location>" on result page?[0m

    Examples: 

  Scenario Outline: Searching for Hotel on Hotel.com     ?[90m# src/test/resources/features/search/hotel_search.feature:13?[0m
20:13:55.452 [Test worker] INFO net.thucydides.core.steps.ConsoleLoggingListener - 
 _____ _____ ____ _____   ____ _____  _    ____ _____ _____ ____  
|_   _| ____/ ___|_   _| / ___|_   _|/ \  |  _ \_   _| ____|  _ \ 
  | | |  _| \___ \ | |   \___ \ | | / _ \ | |_) || | |  _| | | | |
  | | | |___ ___) || |    ___) || |/ ___ \|  _ < | | | |___| |_| |
  |_| |_____|____/ |_|   |____/ |_/_/   \_\_| \_\|_| |_____|____/ 
                                                                  

TEST STARTED: Searching for a term
-------------------------------------------------------------------(search-by-keyword;searching-for-a-term)

Feature: Search by keyword

  Scenario Outline: Searching for a term ?[90m# src/test/resources/features/search/search_by_keyword.feature:3?[0m
    ?[36mGiven User is on Google.com page?[0m
    ?[36mWhen he searches for "<term>"?[0m
    ?[36mThen all the search result titles should contain the word "<term>"?[0m

    Examples: 

  Scenario Outline: Searching for a term                                 ?[90m# src/test/resources/features/search/search_by_keyword.feature:10?[0m

  Scenario Outline: Searching for a term                              ?[90m# src/test/resources/features/search/search_by_keyword.feature:11?[0m

  Scenario Outline: Searching for a term                                ?[90m# src/test/resources/features/search/search_by_keyword.feature:12?[0m

  Scenario Outline: Searching for a term                              ?[90m# src/test/resources/features/search/search_by_keyword.feature:13?[0m
20:14:38.559 [Test worker] DEBUG net.thucydides.core.reports.ReportService - Reporting formats: [JSON, HTML]
20:14:38.631 [Test worker] DEBUG net.thucydides.core.reports.ReportService - Reporting formats: [JSON, HTML]
20:14:38.645 [Test worker] DEBUG net.thucydides.core.reports.ReportService - Generating reports for 2 test outcomes using: net.thucydides.core.reports.json.JSONTestOutcomeReporter@4ce144ba
20:14:38.645 [pool-1-thread-1] DEBUG net.thucydides.core.reports.ReportService - Processing test outcome Search by Hotel:Searching for Hotel on Hotel.com
20:14:38.646 [pool-1-thread-1] DEBUG net.thucydides.core.reports.ReportService - net.thucydides.core.reports.json.JSONTestOutcomeReporter@4ce144ba: Generating report for test outcome: Search by Hotel:Searching for Hotel on Hotel.com
20:14:38.646 [pool-1-thread-2] DEBUG net.thucydides.core.reports.ReportService - Processing test outcome Search by keyword:Searching for a term
20:14:38.646 [pool-1-thread-2] DEBUG net.thucydides.core.reports.ReportService - net.thucydides.core.reports.json.JSONTestOutcomeReporter@4ce144ba: Generating report for test outcome: Search by keyword:Searching for a term
20:14:38.648 [pool-1-thread-2] DEBUG net.thucydides.core.reports.json.JSONTestOutcomeReporter - Generating JSON report for Searching for a term to file /Users/pravendrachauhan/eclipse-workspace/Mohammad_Serenity_Java/target/site/serenity/35cfed838fce6a34547d061ef095dd6837e5024c11ea9a63e7b6112cef6d263f.json (using temp file /Users/pravendrachauhan/eclipse-workspace/Mohammad_Serenity_Java/target/site/serenity/35cfed838fce6a34547d061ef095dd6837e5024c11ea9a63e7b6112cef6d263f.json249f1597-f11f-4dc2-8934-f2bb0ea68dad)
20:14:38.648 [pool-1-thread-1] DEBUG net.thucydides.core.reports.json.JSONTestOutcomeReporter - Generating JSON report for Searching for Hotel on Hotel.com to file /Users/pravendrachauhan/eclipse-workspace/Mohammad_Serenity_Java/target/site/serenity/da00db605121a9b388f72ac86d1402583c324870792a1e576fa88b11f58f416c.json (using temp file /Users/pravendrachauhan/eclipse-workspace/Mohammad_Serenity_Java/target/site/serenity/da00db605121a9b388f72ac86d1402583c324870792a1e576fa88b11f58f416c.json5f35f266-d58d-4d65-b22f-f7e21d2b8bab)
20:14:38.684 [pool-1-thread-1] DEBUG net.thucydides.core.reports.ReportService - Processing test outcome Search by Hotel:Searching for Hotel on Hotel.com done
20:14:38.687 [pool-1-thread-2] DEBUG net.thucydides.core.reports.ReportService - Processing test outcome Search by keyword:Searching for a term done
20:14:38.688 [Test worker] DEBUG net.thucydides.core.reports.ReportService - Shutting down executor service
20:14:38.688 [Test worker] DEBUG net.thucydides.core.reports.ReportService - Reports generated in: 43 ms
20:14:38.688 [Test worker] DEBUG net.thucydides.core.reports.ReportService - Generating reports for 2 test outcomes using: net.thucydides.core.reports.html.HtmlAcceptanceTestReporter@589a3c9d
20:14:38.689 [pool-2-thread-1] DEBUG net.thucydides.core.reports.ReportService - Processing test outcome Search by Hotel:Searching for Hotel on Hotel.com
20:14:38.689 [pool-2-thread-1] DEBUG net.thucydides.core.reports.ReportService - net.thucydides.core.reports.html.HtmlAcceptanceTestReporter@589a3c9d: Generating report for test outcome: Search by Hotel:Searching for Hotel on Hotel.com
20:14:38.690 [pool-2-thread-1] DEBUG net.thucydides.core.reports.html.HtmlAcceptanceTestReporter - GENERATE TEST OUTCOME REPORT FOR Searching for Hotel on Hotel.com in da00db605121a9b388f72ac86d1402583c324870792a1e576fa88b11f58f416c
20:14:38.689 [pool-2-thread-2] DEBUG net.thucydides.core.reports.ReportService - Processing test outcome Search by keyword:Searching for a term
20:14:38.690 [pool-2-thread-2] DEBUG net.thucydides.core.reports.ReportService - net.thucydides.core.reports.html.HtmlAcceptanceTestReporter@589a3c9d: Generating report for test outcome: Search by keyword:Searching for a term
20:14:38.690 [pool-2-thread-2] DEBUG net.thucydides.core.reports.html.HtmlAcceptanceTestReporter - GENERATE TEST OUTCOME REPORT FOR Searching for a term in 35cfed838fce6a34547d061ef095dd6837e5024c11ea9a63e7b6112cef6d263f
20:14:38.714 [pool-2-thread-1] DEBUG net.thucydides.core.requirements.model.cucumber.CucumberParser - Found no Cucumber 4.x.x class cucumber.runtime.model.FeatureLoader try Cucumber 2.x.x 
20:14:38.714 [pool-2-thread-2] DEBUG net.thucydides.core.requirements.model.cucumber.CucumberParser - Found no Cucumber 4.x.x class cucumber.runtime.model.FeatureLoader try Cucumber 2.x.x 
20:14:38.715 [pool-2-thread-2] DEBUG net.thucydides.core.requirements.model.cucumber.CucumberParser - Found no Cucumber 4.x.x class cucumber.runtime.model.FeatureLoader try Cucumber 2.x.x 
20:14:38.716 [pool-2-thread-1] DEBUG net.thucydides.core.requirements.model.cucumber.CucumberParser - Found no Cucumber 4.x.x class cucumber.runtime.model.FeatureLoader try Cucumber 2.x.x 
20:14:38.717 [pool-2-thread-1] DEBUG net.thucydides.core.requirements.RequirementsTagProvider -  found:[Requirement{name='Search', type='capability' parent = 'null', cardNumber='null'}]
20:14:38.717 [pool-2-thread-2] DEBUG net.thucydides.core.requirements.RequirementsTagProvider -  found:[Requirement{name='Search', type='capability' parent = 'null', cardNumber='null'}]
20:14:38.725 [pool-2-thread-2] DEBUG net.thucydides.core.requirements.BaseRequirementsService - Requirement found for test outcome Searching for a term-[]: Optional[Requirement{name='Search by keyword', type='feature' parent = 'Search', cardNumber='null'}]
20:14:38.725 [pool-2-thread-1] DEBUG net.thucydides.core.requirements.BaseRequirementsService - Requirement found for test outcome Searching for Hotel on Hotel.com-[]: Optional[Requirement{name='Search by Hotel', type='feature' parent = 'Search', cardNumber='null'}]
20:14:38.726 [pool-2-thread-2] DEBUG net.thucydides.core.requirements.BaseRequirementsService - Requirement found for test outcome Searching for a term-[]: Optional[Requirement{name='Search by keyword', type='feature' parent = 'Search', cardNumber='null'}]
20:14:38.727 [pool-2-thread-1] DEBUG net.thucydides.core.requirements.BaseRequirementsService - Requirement found for test outcome Searching for Hotel on Hotel.com-[]: Optional[Requirement{name='Search by Hotel', type='feature' parent = 'Search', cardNumber='null'}]
20:14:38.905 [pool-2-thread-1] DEBUG net.thucydides.core.requirements.BaseRequirementsService - Requirement found for test outcome Searching for Hotel on Hotel.com-[]: Optional[Requirement{name='Search by Hotel', type='feature' parent = 'Search', cardNumber='null'}]
20:14:38.906 [pool-2-thread-1] DEBUG net.thucydides.core.requirements.BaseRequirementsService - Requirement found for test outcome Searching for Hotel on Hotel.com-[]: Optional[Requirement{name='Search by Hotel', type='feature' parent = 'Search', cardNumber='null'}]
20:14:38.907 [pool-2-thread-2] DEBUG net.thucydides.core.requirements.BaseRequirementsService - Requirement found for test outcome Searching for a term-[]: Optional[Requirement{name='Search by keyword', type='feature' parent = 'Search', cardNumber='null'}]
20:14:38.908 [pool-2-thread-2] DEBUG net.thucydides.core.requirements.BaseRequirementsService - Requirement found for test outcome Searching for a term-[]: Optional[Requirement{name='Search by keyword', type='feature' parent = 'Search', cardNumber='null'}]
20:14:38.987 [pool-2-thread-1] DEBUG net.thucydides.core.reports.html.HtmlAcceptanceTestReporter - Generating report in da00db605121a9b388f72ac86d1402583c324870792a1e576fa88b11f58f416c_screenshots.html
20:14:38.987 [pool-2-thread-2] DEBUG net.thucydides.core.reports.html.HtmlAcceptanceTestReporter - Generating report in 35cfed838fce6a34547d061ef095dd6837e5024c11ea9a63e7b6112cef6d263f_screenshots.html
20:14:39.379 [pool-2-thread-1] DEBUG net.thucydides.core.reports.html.HtmlAcceptanceTestReporter - Generated report da00db605121a9b388f72ac86d1402583c324870792a1e576fa88b11f58f416c_screenshots.html in 393 ms
20:14:39.381 [pool-2-thread-1] DEBUG net.thucydides.core.reports.html.HtmlAcceptanceTestReporter - GENERATING HTML REPORT FOR Search by Hotel:Searching for Hotel on Hotel.com in da00db605121a9b388f72ac86d1402583c324870792a1e576fa88b11f58f416c.html in directory /Users/pravendrachauhan/eclipse-workspace/Mohammad_Serenity_Java/target/site/serenity  
20:14:39.382 [pool-2-thread-2] DEBUG net.thucydides.core.reports.html.HtmlAcceptanceTestReporter - Generated report 35cfed838fce6a34547d061ef095dd6837e5024c11ea9a63e7b6112cef6d263f_screenshots.html in 395 ms
20:14:39.383 [pool-2-thread-1] DEBUG net.thucydides.core.reports.html.HtmlAcceptanceTestReporter - Generating report in da00db605121a9b388f72ac86d1402583c324870792a1e576fa88b11f58f416c.html
20:14:39.383 [pool-2-thread-2] DEBUG net.thucydides.core.reports.html.HtmlAcceptanceTestReporter - GENERATING HTML REPORT FOR Search by keyword:Searching for a term in 35cfed838fce6a34547d061ef095dd6837e5024c11ea9a63e7b6112cef6d263f.html in directory /Users/pravendrachauhan/eclipse-workspace/Mohammad_Serenity_Java/target/site/serenity  
20:14:39.384 [pool-2-thread-2] DEBUG net.thucydides.core.reports.html.HtmlAcceptanceTestReporter - Generating report in 35cfed838fce6a34547d061ef095dd6837e5024c11ea9a63e7b6112cef6d263f.html
20:14:39.589 [pool-2-thread-1] DEBUG net.thucydides.core.reports.html.HtmlAcceptanceTestReporter - Generated report da00db605121a9b388f72ac86d1402583c324870792a1e576fa88b11f58f416c.html in 206 ms
20:14:39.589 [pool-2-thread-1] DEBUG net.thucydides.core.reports.ReportService - Processing test outcome Search by Hotel:Searching for Hotel on Hotel.com done
20:14:39.669 [pool-2-thread-2] DEBUG net.thucydides.core.reports.html.HtmlAcceptanceTestReporter - Generated report 35cfed838fce6a34547d061ef095dd6837e5024c11ea9a63e7b6112cef6d263f.html in 285 ms
20:14:39.669 [pool-2-thread-2] DEBUG net.thucydides.core.reports.ReportService - Processing test outcome Search by keyword:Searching for a term done
20:14:39.669 [Test worker] DEBUG net.thucydides.core.reports.ReportService - Shutting down executor service
20:14:39.669 [Test worker] DEBUG net.thucydides.core.reports.ReportService - Reports generated in: 980 ms
20:14:39.811 [Test worker] DEBUG net.serenitybdd.core.photography.Darkroom - Closing darkroom
20:14:39.812 [Darkroom Processing Line] DEBUG net.serenitybdd.core.photography.DarkroomProcessingLine - Darkroom processing line shutting down

?[31mFailed scenarios:?[0m
?[31msrc/test/resources/features/search/hotel_search.feature:13 ?[0m# Searching for Hotel on Hotel.com
?[31msrc/test/resources/features/search/search_by_keyword.feature:10 ?[0m# Searching for a term
?[31msrc/test/resources/features/search/search_by_keyword.feature:11 ?[0m# Searching for a term
?[31msrc/test/resources/features/search/search_by_keyword.feature:12 ?[0m# Searching for a term
?[31msrc/test/resources/features/search/search_by_keyword.feature:13 ?[0m# Searching for a term

5 Scenarios (?[31m5 failed?[0m)
18 Steps (?[31m5 failed?[0m, ?[32m13 passed?[0m)
1m24.140s

junit.framework.ComparisonFailure: expected:<New Delhi[]> but was:<New Delhi[, India]>
	at junit.framework.Assert.assertEquals(Assert.java:100)
	at junit.framework.Assert.assertEquals(Assert.java:107)
	at basics.stepdefinitions.SearchOnGooglePageStepDefinition.find_location_on_result_page(SearchOnGooglePageStepDefinition.java:69)
	at ✽.he should find given "New Delhi" on result page(src/test/resources/features/search/hotel_search.feature:10)

junit.framework.AssertionFailedError
	at junit.framework.Assert.fail(Assert.java:55)
	at junit.framework.Assert.assertTrue(Assert.java:22)
	at junit.framework.Assert.assertTrue(Assert.java:31)
	at basics.stepdefinitions.SearchOnGooglePageStepDefinition.all_result_should_contain_that_word(SearchOnGooglePageStepDefinition.java:62)
	at ✽.all the search result titles should contain the word "cucumber"(src/test/resources/features/search/search_by_keyword.feature:6)

junit.framework.AssertionFailedError
	at junit.framework.Assert.fail(Assert.java:55)
	at junit.framework.Assert.assertTrue(Assert.java:22)
	at junit.framework.Assert.assertTrue(Assert.java:31)
	at basics.stepdefinitions.SearchOnGooglePageStepDefinition.all_result_should_contain_that_word(SearchOnGooglePageStepDefinition.java:62)
	at ✽.all the search result titles should contain the word "world"(src/test/resources/features/search/search_by_keyword.feature:6)

junit.framework.AssertionFailedError
	at junit.framework.Assert.fail(Assert.java:55)
	at junit.framework.Assert.assertTrue(Assert.java:22)
	at junit.framework.Assert.assertTrue(Assert.java:31)
	at basics.stepdefinitions.SearchOnGooglePageStepDefinition.all_result_should_contain_that_word(SearchOnGooglePageStepDefinition.java:62)
	at ✽.all the search result titles should contain the word "America"(src/test/resources/features/search/search_by_keyword.feature:6)

junit.framework.AssertionFailedError
	at junit.framework.Assert.fail(Assert.java:55)
	at junit.framework.Assert.assertTrue(Assert.java:22)
	at junit.framework.Assert.assertTrue(Assert.java:31)
	at basics.stepdefinitions.SearchOnGooglePageStepDefinition.all_result_should_contain_that_word(SearchOnGooglePageStepDefinition.java:62)
	at ✽.all the search result titles should contain the word "India"(src/test/resources/features/search/search_by_keyword.feature:6)

]]></system-out>
  <system-err><![CDATA[]]></system-err>
</testsuite>
